<?xml version="1.0" encoding="UTF-8"?>
<testng-results ignored="0" total="1" passed="1" failed="0" skipped="0">
  <reporter-output>
  </reporter-output>
  <suite started-at="2023-03-30T07:47:10 IST" name="Default suite" finished-at="2023-03-30T07:47:19 IST" duration-ms="9506">
    <groups>
      <group name="cucumber">
        <method signature="AbstractTestNGCucumberTests.runScenario(io.cucumber.testng.PickleWrapper,io.cucumber.testng.FeatureWrapper)[pri:0, instance:runners.DataTableRunner@3e11f9e9]" name="runScenario" class="io.cucumber.testng.AbstractTestNGCucumberTests"/>
      </group> <!-- cucumber -->
    </groups>
    <test started-at="2023-03-30T07:47:10 IST" name="Default test" finished-at="2023-03-30T07:47:19 IST" duration-ms="9506">
      <class name="runners.DataTableRunner">
        <test-method is-config="true" signature="setUpClass()[pri:0, instance:runners.DataTableRunner@3e11f9e9]" started-at="2023-03-30T07:47:10 IST" name="setUpClass" finished-at="2023-03-30T07:47:11 IST" duration-ms="1110" status="PASS">
          <reporter-output>
          </reporter-output>
        </test-method> <!-- setUpClass -->
        <test-method signature="runScenario(io.cucumber.testng.PickleWrapper,io.cucumber.testng.FeatureWrapper)[pri:0, instance:runners.DataTableRunner@3e11f9e9]" started-at="2023-03-30T07:47:11 IST" name="runScenario" description="Runs Cucumber Scenarios" data-provider="scenarios" finished-at="2023-03-30T07:47:12 IST" duration-ms="465" status="PASS">
          <params>
            <param index="0">
              <value>
                <![CDATA["user information registration"]]>
              </value>
            </param>
            <param index="1">
              <value>
                <![CDATA["Optional[Registration]"]]>
              </value>
            </param>
          </params>
          <reporter-output>
          </reporter-output>
        </test-method> <!-- runScenario -->
        <test-method is-config="true" signature="tearDownClass()[pri:0, instance:runners.DataTableRunner@3e11f9e9]" started-at="2023-03-30T07:47:12 IST" name="tearDownClass" finished-at="2023-03-30T07:47:19 IST" duration-ms="7760" status="PASS">
          <reporter-output>
          </reporter-output>
        </test-method> <!-- tearDownClass -->
      </class> <!-- runners.DataTableRunner -->
    </test> <!-- Default test -->
  </suite> <!-- Default suite -->
</testng-results>
