<?xml version="1.0" encoding="UTF-8"?>
<testng-results ignored="0" total="1" passed="1" failed="0" skipped="0">
  <reporter-output>
  </reporter-output>
  <suite started-at="2023-04-02T08:02:55 IST" name="Default suite" finished-at="2023-04-02T08:03:29 IST" duration-ms="34254">
    <groups>
      <group name="cucumber">
        <method signature="AbstractTestNGCucumberTests.runScenario(io.cucumber.testng.PickleWrapper,io.cucumber.testng.FeatureWrapper)[pri:0, instance:execution.RunAmazonTest@7d0b7e3c]" name="runScenario" class="io.cucumber.testng.AbstractTestNGCucumberTests"/>
      </group> <!-- cucumber -->
    </groups>
    <test started-at="2023-04-02T08:02:55 IST" name="Default test" finished-at="2023-04-02T08:03:29 IST" duration-ms="34254">
      <class name="execution.RunAmazonTest">
        <test-method is-config="true" signature="setUpClass()[pri:0, instance:execution.RunAmazonTest@7d0b7e3c]" started-at="2023-04-02T08:02:55 IST" name="setUpClass" finished-at="2023-04-02T08:02:56 IST" duration-ms="1148" status="PASS">
          <reporter-output>
          </reporter-output>
        </test-method> <!-- setUpClass -->
        <test-method signature="runScenario(io.cucumber.testng.PickleWrapper,io.cucumber.testng.FeatureWrapper)[pri:0, instance:execution.RunAmazonTest@7d0b7e3c]" started-at="2023-04-02T08:02:56 IST" name="runScenario" description="Runs Cucumber Scenarios" data-provider="scenarios" finished-at="2023-04-02T08:03:27 IST" duration-ms="31241" status="PASS">
          <params>
            <param index="0">
              <value>
                <![CDATA["verify cart icon"]]>
              </value>
            </param>
            <param index="1">
              <value>
                <![CDATA["Optional[Login]"]]>
              </value>
            </param>
          </params>
          <reporter-output>
          </reporter-output>
        </test-method> <!-- runScenario -->
        <test-method is-config="true" signature="tearDownClass()[pri:0, instance:execution.RunAmazonTest@7d0b7e3c]" started-at="2023-04-02T08:03:27 IST" name="tearDownClass" finished-at="2023-04-02T08:03:29 IST" duration-ms="1757" status="PASS">
          <reporter-output>
          </reporter-output>
        </test-method> <!-- tearDownClass -->
      </class> <!-- execution.RunAmazonTest -->
    </test> <!-- Default test -->
  </suite> <!-- Default suite -->
</testng-results>
